[10-May-2022 00:58:31 Asia/Kolkata] PHP Fatal error:  Uncaught Razorpay\Api\Errors\BadRequestError: The amount must be atleast INR 1.00 in /home/itourscloud/public_html/B2CTheme/payments/razor-pay/razorpay-php/src/Request.php:139
Stack trace:
#0 /home/itourscloud/public_html/B2CTheme/payments/razor-pay/razorpay-php/src/Request.php(109): Razorpay\Api\Request->processError(Array, 400, Object(Requests_Response))
#1 /home/itourscloud/public_html/B2CTheme/payments/razor-pay/razorpay-php/src/Request.php(58): Razorpay\Api\Request->checkErrors(Object(Requests_Response))
#2 /home/itourscloud/public_html/B2CTheme/payments/razor-pay/razorpay-php/src/Entity.php(86): Razorpay\Api\Request->request('POST', 'https://api.raz...', Array)
#3 /home/itourscloud/public_html/B2CTheme/payments/razor-pay/razorpay-php/src/Entity.php(15): Razorpay\Api\Entity->request('POST', 'orders/', Array)
#4 /home/itourscloud/public_html/B2CTheme/payments/razor-pay/razorpay-php/src/Order.php(12): Razorpay\Api\Entity->create(Array)
#5 /home/itourscloud/public_html/B2CTheme/payments/razor-pay/index.php(23): Razorpay\Api\Order->create(Array)
#6 {main}
  thrown in /home/itourscloud/public_html/B2CTheme/payments/razor-pay/razorpay-php/src/Request.php on line 139
[22-Apr-2024 15:45:47 Asia/Kolkata] PHP Fatal error:  Uncaught Requests_Exception: cURL error 60: SSL certificate problem: unable to get local issuer certificate in /home4/itourjh2/public_html/demo-4/payments/razor-pay/razorpay-php/libs/Requests-1.7.0/library/Requests/Transport/cURL.php:422
Stack trace:
#0 /home4/itourjh2/public_html/demo-4/payments/razor-pay/razorpay-php/libs/Requests-1.7.0/library/Requests/Transport/cURL.php(177): Requests_Transport_cURL->process_response('', Array)
#1 /home4/itourjh2/public_html/demo-4/payments/razor-pay/razorpay-php/libs/Requests-1.7.0/library/Requests.php(379): Requests_Transport_cURL->request('https://api.raz...', Array, Array, Array)
#2 /home4/itourjh2/public_html/demo-4/payments/razor-pay/razorpay-php/src/Request.php(56): Requests::request('https://api.raz...', Array, Array, 'POST', Array)
#3 /home4/itourjh2/public_html/demo-4/payments/razor-pay/razorpay-php/src/Entity.php(86): Razorpay\Api\Request->request('POST', 'https://api.raz...', Array)
#4 /home4/itourjh2/public_html/demo-4/payments/razor-pay/razorpay-php/src/Entity.php(15): Razorpay\Api\Entity->request('POST', 'orders/', Array)
#5 /home4/itourjh2/public_html/demo-4/payments/razor-pay/razorpay-php/src/Order.php(12): Razorpay\Api\Entity->create(Array)
#6 /home4/itourjh2/public_html/demo-4/payments/razor-pay/index.php(23): Razorpay\Api\Order->create(Array)
#7 {main}
  thrown in /home4/itourjh2/public_html/demo-4/payments/razor-pay/razorpay-php/libs/Requests-1.7.0/library/Requests/Transport/cURL.php on line 422
[24-Apr-2024 15:14:21 Asia/Kolkata] PHP Fatal error:  Uncaught Requests_Exception: cURL error 60: SSL certificate problem: unable to get local issuer certificate in /home4/itourjh2/public_html/demo-4/payments/razor-pay/razorpay-php/libs/Requests-1.7.0/library/Requests/Transport/cURL.php:422
Stack trace:
#0 /home4/itourjh2/public_html/demo-4/payments/razor-pay/razorpay-php/libs/Requests-1.7.0/library/Requests/Transport/cURL.php(177): Requests_Transport_cURL->process_response('', Array)
#1 /home4/itourjh2/public_html/demo-4/payments/razor-pay/razorpay-php/libs/Requests-1.7.0/library/Requests.php(379): Requests_Transport_cURL->request('https://api.raz...', Array, Array, Array)
#2 /home4/itourjh2/public_html/demo-4/payments/razor-pay/razorpay-php/src/Request.php(56): Requests::request('https://api.raz...', Array, Array, 'POST', Array)
#3 /home4/itourjh2/public_html/demo-4/payments/razor-pay/razorpay-php/src/Entity.php(86): Razorpay\Api\Request->request('POST', 'https://api.raz...', Array)
#4 /home4/itourjh2/public_html/demo-4/payments/razor-pay/razorpay-php/src/Entity.php(15): Razorpay\Api\Entity->request('POST', 'orders/', Array)
#5 /home4/itourjh2/public_html/demo-4/payments/razor-pay/razorpay-php/src/Order.php(12): Razorpay\Api\Entity->create(Array)
#6 /home4/itourjh2/public_html/demo-4/payments/razor-pay/index.php(23): Razorpay\Api\Order->create(Array)
#7 {main}
  thrown in /home4/itourjh2/public_html/demo-4/payments/razor-pay/razorpay-php/libs/Requests-1.7.0/library/Requests/Transport/cURL.php on line 422
[24-Apr-2024 15:19:34 Asia/Kolkata] PHP Fatal error:  Uncaught Requests_Exception: cURL error 60: SSL certificate problem: unable to get local issuer certificate in /home4/itourjh2/public_html/demo-4/payments/razor-pay/razorpay-php/libs/Requests-1.7.0/library/Requests/Transport/cURL.php:422
Stack trace:
#0 /home4/itourjh2/public_html/demo-4/payments/razor-pay/razorpay-php/libs/Requests-1.7.0/library/Requests/Transport/cURL.php(177): Requests_Transport_cURL->process_response('', Array)
#1 /home4/itourjh2/public_html/demo-4/payments/razor-pay/razorpay-php/libs/Requests-1.7.0/library/Requests.php(379): Requests_Transport_cURL->request('https://api.raz...', Array, Array, Array)
#2 /home4/itourjh2/public_html/demo-4/payments/razor-pay/razorpay-php/src/Request.php(56): Requests::request('https://api.raz...', Array, Array, 'POST', Array)
#3 /home4/itourjh2/public_html/demo-4/payments/razor-pay/razorpay-php/src/Entity.php(86): Razorpay\Api\Request->request('POST', 'https://api.raz...', Array)
#4 /home4/itourjh2/public_html/demo-4/payments/razor-pay/razorpay-php/src/Entity.php(15): Razorpay\Api\Entity->request('POST', 'orders/', Array)
#5 /home4/itourjh2/public_html/demo-4/payments/razor-pay/razorpay-php/src/Order.php(12): Razorpay\Api\Entity->create(Array)
#6 /home4/itourjh2/public_html/demo-4/payments/razor-pay/index.php(23): Razorpay\Api\Order->create(Array)
#7 {main}
  thrown in /home4/itourjh2/public_html/demo-4/payments/razor-pay/razorpay-php/libs/Requests-1.7.0/library/Requests/Transport/cURL.php on line 422
[03-May-2024 12:31:00 Asia/Kolkata] PHP Fatal error:  Uncaught Requests_Exception: cURL error 60: SSL certificate problem: unable to get local issuer certificate in /home4/itourjh2/public_html/demo-4/payments/razor-pay/razorpay-php/libs/Requests-1.7.0/library/Requests/Transport/cURL.php:422
Stack trace:
#0 /home4/itourjh2/public_html/demo-4/payments/razor-pay/razorpay-php/libs/Requests-1.7.0/library/Requests/Transport/cURL.php(177): Requests_Transport_cURL->process_response('', Array)
#1 /home4/itourjh2/public_html/demo-4/payments/razor-pay/razorpay-php/libs/Requests-1.7.0/library/Requests.php(379): Requests_Transport_cURL->request('https://api.raz...', Array, Array, Array)
#2 /home4/itourjh2/public_html/demo-4/payments/razor-pay/razorpay-php/src/Request.php(56): Requests::request('https://api.raz...', Array, Array, 'POST', Array)
#3 /home4/itourjh2/public_html/demo-4/payments/razor-pay/razorpay-php/src/Entity.php(86): Razorpay\Api\Request->request('POST', 'https://api.raz...', Array)
#4 /home4/itourjh2/public_html/demo-4/payments/razor-pay/razorpay-php/src/Entity.php(15): Razorpay\Api\Entity->request('POST', 'orders/', Array)
#5 /home4/itourjh2/public_html/demo-4/payments/razor-pay/razorpay-php/src/Order.php(12): Razorpay\Api\Entity->create(Array)
#6 /home4/itourjh2/public_html/demo-4/payments/razor-pay/index.php(23): Razorpay\Api\Order->create(Array)
#7 {main}
  thrown in /home4/itourjh2/public_html/demo-4/payments/razor-pay/razorpay-php/libs/Requests-1.7.0/library/Requests/Transport/cURL.php on line 422
[30-Aug-2024 16:49:14 Asia/Kolkata] PHP Fatal error:  Uncaught Requests_Exception: cURL error 60: SSL certificate problem: unable to get local issuer certificate in /home4/itourjh2/public_html/demo-4/payments/razor-pay/razorpay-php/libs/Requests-1.7.0/library/Requests/Transport/cURL.php:422
Stack trace:
#0 /home4/itourjh2/public_html/demo-4/payments/razor-pay/razorpay-php/libs/Requests-1.7.0/library/Requests/Transport/cURL.php(177): Requests_Transport_cURL->process_response('', Array)
#1 /home4/itourjh2/public_html/demo-4/payments/razor-pay/razorpay-php/libs/Requests-1.7.0/library/Requests.php(379): Requests_Transport_cURL->request('https://api.raz...', Array, Array, Array)
#2 /home4/itourjh2/public_html/demo-4/payments/razor-pay/razorpay-php/src/Request.php(56): Requests::request('https://api.raz...', Array, Array, 'POST', Array)
#3 /home4/itourjh2/public_html/demo-4/payments/razor-pay/razorpay-php/src/Entity.php(86): Razorpay\Api\Request->request('POST', 'https://api.raz...', Array)
#4 /home4/itourjh2/public_html/demo-4/payments/razor-pay/razorpay-php/src/Entity.php(15): Razorpay\Api\Entity->request('POST', 'orders/', Array)
#5 /home4/itourjh2/public_html/demo-4/payments/razor-pay/razorpay-php/src/Order.php(12): Razorpay\Api\Entity->create(Array)
#6 /home4/itourjh2/public_html/demo-4/payments/razor-pay/index.php(23): Razorpay\Api\Order->create(Array)
#7 {main}
  thrown in /home4/itourjh2/public_html/demo-4/payments/razor-pay/razorpay-php/libs/Requests-1.7.0/library/Requests/Transport/cURL.php on line 422
[30-Aug-2024 17:09:19 Asia/Kolkata] PHP Fatal error:  Uncaught Requests_Exception: cURL error 60: SSL certificate problem: unable to get local issuer certificate in /home4/itourjh2/public_html/demo-4/payments/razor-pay/razorpay-php/libs/Requests-1.7.0/library/Requests/Transport/cURL.php:422
Stack trace:
#0 /home4/itourjh2/public_html/demo-4/payments/razor-pay/razorpay-php/libs/Requests-1.7.0/library/Requests/Transport/cURL.php(177): Requests_Transport_cURL->process_response('', Array)
#1 /home4/itourjh2/public_html/demo-4/payments/razor-pay/razorpay-php/libs/Requests-1.7.0/library/Requests.php(379): Requests_Transport_cURL->request('https://api.raz...', Array, Array, Array)
#2 /home4/itourjh2/public_html/demo-4/payments/razor-pay/razorpay-php/src/Request.php(56): Requests::request('https://api.raz...', Array, Array, 'POST', Array)
#3 /home4/itourjh2/public_html/demo-4/payments/razor-pay/razorpay-php/src/Entity.php(86): Razorpay\Api\Request->request('POST', 'https://api.raz...', Array)
#4 /home4/itourjh2/public_html/demo-4/payments/razor-pay/razorpay-php/src/Entity.php(15): Razorpay\Api\Entity->request('POST', 'orders/', Array)
#5 /home4/itourjh2/public_html/demo-4/payments/razor-pay/razorpay-php/src/Order.php(12): Razorpay\Api\Entity->create(Array)
#6 /home4/itourjh2/public_html/demo-4/payments/razor-pay/index.php(23): Razorpay\Api\Order->create(Array)
#7 {main}
  thrown in /home4/itourjh2/public_html/demo-4/payments/razor-pay/razorpay-php/libs/Requests-1.7.0/library/Requests/Transport/cURL.php on line 422
[03-Sep-2024 16:36:07 Asia/Kolkata] PHP Fatal error:  Uncaught Requests_Exception: cURL error 60: SSL certificate problem: unable to get local issuer certificate in /home4/itourjh2/public_html/demo-4/payments/razor-pay/razorpay-php/libs/Requests-1.7.0/library/Requests/Transport/cURL.php:422
Stack trace:
#0 /home4/itourjh2/public_html/demo-4/payments/razor-pay/razorpay-php/libs/Requests-1.7.0/library/Requests/Transport/cURL.php(177): Requests_Transport_cURL->process_response('', Array)
#1 /home4/itourjh2/public_html/demo-4/payments/razor-pay/razorpay-php/libs/Requests-1.7.0/library/Requests.php(379): Requests_Transport_cURL->request('https://api.raz...', Array, Array, Array)
#2 /home4/itourjh2/public_html/demo-4/payments/razor-pay/razorpay-php/src/Request.php(56): Requests::request('https://api.raz...', Array, Array, 'POST', Array)
#3 /home4/itourjh2/public_html/demo-4/payments/razor-pay/razorpay-php/src/Entity.php(86): Razorpay\Api\Request->request('POST', 'https://api.raz...', Array)
#4 /home4/itourjh2/public_html/demo-4/payments/razor-pay/razorpay-php/src/Entity.php(15): Razorpay\Api\Entity->request('POST', 'orders/', Array)
#5 /home4/itourjh2/public_html/demo-4/payments/razor-pay/razorpay-php/src/Order.php(12): Razorpay\Api\Entity->create(Array)
#6 /home4/itourjh2/public_html/demo-4/payments/razor-pay/index.php(23): Razorpay\Api\Order->create(Array)
#7 {main}
  thrown in /home4/itourjh2/public_html/demo-4/payments/razor-pay/razorpay-php/libs/Requests-1.7.0/library/Requests/Transport/cURL.php on line 422
[03-Sep-2024 17:37:48 Asia/Kolkata] PHP Fatal error:  Uncaught Requests_Exception: cURL error 60: SSL certificate problem: unable to get local issuer certificate in /home4/itourjh2/public_html/demo-4/payments/razor-pay/razorpay-php/libs/Requests-1.7.0/library/Requests/Transport/cURL.php:422
Stack trace:
#0 /home4/itourjh2/public_html/demo-4/payments/razor-pay/razorpay-php/libs/Requests-1.7.0/library/Requests/Transport/cURL.php(177): Requests_Transport_cURL->process_response('', Array)
#1 /home4/itourjh2/public_html/demo-4/payments/razor-pay/razorpay-php/libs/Requests-1.7.0/library/Requests.php(379): Requests_Transport_cURL->request('https://api.raz...', Array, Array, Array)
#2 /home4/itourjh2/public_html/demo-4/payments/razor-pay/razorpay-php/src/Request.php(56): Requests::request('https://api.raz...', Array, Array, 'POST', Array)
#3 /home4/itourjh2/public_html/demo-4/payments/razor-pay/razorpay-php/src/Entity.php(86): Razorpay\Api\Request->request('POST', 'https://api.raz...', Array)
#4 /home4/itourjh2/public_html/demo-4/payments/razor-pay/razorpay-php/src/Entity.php(15): Razorpay\Api\Entity->request('POST', 'orders/', Array)
#5 /home4/itourjh2/public_html/demo-4/payments/razor-pay/razorpay-php/src/Order.php(12): Razorpay\Api\Entity->create(Array)
#6 /home4/itourjh2/public_html/demo-4/payments/razor-pay/index.php(23): Razorpay\Api\Order->create(Array)
#7 {main}
  thrown in /home4/itourjh2/public_html/demo-4/payments/razor-pay/razorpay-php/libs/Requests-1.7.0/library/Requests/Transport/cURL.php on line 422
[03-Sep-2024 17:47:19 Asia/Kolkata] PHP Fatal error:  Uncaught Requests_Exception: cURL error 60: SSL certificate problem: unable to get local issuer certificate in /home4/itourjh2/public_html/demo-4/payments/razor-pay/razorpay-php/libs/Requests-1.7.0/library/Requests/Transport/cURL.php:422
Stack trace:
#0 /home4/itourjh2/public_html/demo-4/payments/razor-pay/razorpay-php/libs/Requests-1.7.0/library/Requests/Transport/cURL.php(177): Requests_Transport_cURL->process_response('', Array)
#1 /home4/itourjh2/public_html/demo-4/payments/razor-pay/razorpay-php/libs/Requests-1.7.0/library/Requests.php(379): Requests_Transport_cURL->request('https://api.raz...', Array, Array, Array)
#2 /home4/itourjh2/public_html/demo-4/payments/razor-pay/razorpay-php/src/Request.php(56): Requests::request('https://api.raz...', Array, Array, 'POST', Array)
#3 /home4/itourjh2/public_html/demo-4/payments/razor-pay/razorpay-php/src/Entity.php(86): Razorpay\Api\Request->request('POST', 'https://api.raz...', Array)
#4 /home4/itourjh2/public_html/demo-4/payments/razor-pay/razorpay-php/src/Entity.php(15): Razorpay\Api\Entity->request('POST', 'orders/', Array)
#5 /home4/itourjh2/public_html/demo-4/payments/razor-pay/razorpay-php/src/Order.php(12): Razorpay\Api\Entity->create(Array)
#6 /home4/itourjh2/public_html/demo-4/payments/razor-pay/index.php(23): Razorpay\Api\Order->create(Array)
#7 {main}
  thrown in /home4/itourjh2/public_html/demo-4/payments/razor-pay/razorpay-php/libs/Requests-1.7.0/library/Requests/Transport/cURL.php on line 422
[03-Sep-2024 17:59:17 Asia/Kolkata] PHP Fatal error:  Uncaught Requests_Exception: cURL error 60: SSL certificate problem: unable to get local issuer certificate in /home4/itourjh2/public_html/demo-4/payments/razor-pay/razorpay-php/libs/Requests-1.7.0/library/Requests/Transport/cURL.php:422
Stack trace:
#0 /home4/itourjh2/public_html/demo-4/payments/razor-pay/razorpay-php/libs/Requests-1.7.0/library/Requests/Transport/cURL.php(177): Requests_Transport_cURL->process_response('', Array)
#1 /home4/itourjh2/public_html/demo-4/payments/razor-pay/razorpay-php/libs/Requests-1.7.0/library/Requests.php(379): Requests_Transport_cURL->request('https://api.raz...', Array, Array, Array)
#2 /home4/itourjh2/public_html/demo-4/payments/razor-pay/razorpay-php/src/Request.php(56): Requests::request('https://api.raz...', Array, Array, 'POST', Array)
#3 /home4/itourjh2/public_html/demo-4/payments/razor-pay/razorpay-php/src/Entity.php(86): Razorpay\Api\Request->request('POST', 'https://api.raz...', Array)
#4 /home4/itourjh2/public_html/demo-4/payments/razor-pay/razorpay-php/src/Entity.php(15): Razorpay\Api\Entity->request('POST', 'orders/', Array)
#5 /home4/itourjh2/public_html/demo-4/payments/razor-pay/razorpay-php/src/Order.php(12): Razorpay\Api\Entity->create(Array)
#6 /home4/itourjh2/public_html/demo-4/payments/razor-pay/index.php(23): Razorpay\Api\Order->create(Array)
#7 {main}
  thrown in /home4/itourjh2/public_html/demo-4/payments/razor-pay/razorpay-php/libs/Requests-1.7.0/library/Requests/Transport/cURL.php on line 422
